{
  "source": "UN Comtrade",
  "raw_text": "Türkiye'den dünyaya 2023 yılında 6276.0 dolarlık kalsit (HS Kodu: 283650) ticareti raporlandı.",
  "timestamp": "2026-03-24T20:35:10.357203Z",
  "metadata": {
    "comtrade_raw_data": {
      "typeCode": "C",
      "freqCode": "A",
      "refPeriodId": 20230101,
      "refYear": 2023,
      "refMonth": 52,
      "period": "2023",
      "reporterCode": 792,
      "reporterISO": null,
      "reporterDesc": null,
      "flowCode": "X",
      "flowDesc": null,
      "partnerCode": 4,
      "partnerISO": null,
      "partnerDesc": null,
      "partner2Code": 4,
      "partner2ISO": null,
      "partner2Desc": null,
      "classificationCode": "H6",
      "classificationSearchCode": "HS",
      "isOriginalClassification": true,
      "cmdCode": "283650",
      "cmdDesc": null,
      "aggrLevel": null,
      "isLeaf": null,
      "customsCode": "C00",
      "customsDesc": null,
      "mosCode": "0",
      "motCode": 3200,
      "motDesc": null,
      "qtyUnitCode": 8,
      "qtyUnitAbbr": null,
      "qty": 7820.0,
      "isQtyEstimated": false,
      "altQtyUnitCode": 8,
      "altQtyUnitAbbr": null,
      "altQty": 7820.0,
      "isAltQtyEstimated": false,
      "netWgt": 7820.0,
      "isNetWgtEstimated": false,
      "grossWgt": 0.0,
      "isGrossWgtEstimated": false,
      "cifvalue": null,
      "fobvalue": 6276.0,
      "primaryValue": 6276.0,
      "legacyEstimationFlag": 0,
      "isReported": false,
      "isAggregate": true
    }
  }
}
